<?xml version="1.0" encoding="UTF-8"?>
<testsuite xmlns:xsi="http://www.w3.org/2001/XMLSchema-instance" xsi:noNamespaceSchemaLocation="https://maven.apache.org/surefire/maven-surefire-plugin/xsd/surefire-test-report.xsd" version="3.0.2" name="com.example.countries.CountriesApplicationTests" time="2.496" tests="1" errors="0" skipped="0" failures="0">
  <properties>
[...]
</properties>
  <testcase name="contextLoads" classname="com.example.countries.CountriesApplicationTests" time="0.737">
    <system-out><![CDATA[11:08:01.291 [main] INFO org.springframework.test.context.support.AnnotationConfigContextLoaderUtils -- Could not detect default configuration classes for test class [com.example.countries.CountriesApplicationTests]: CountriesApplicationTests does not declare any static, non-private, non-final, nested classes annotated with @Configuration.
11:08:01.398 [main] INFO org.springframework.boot.test.context.SpringBootTestContextBootstrapper -- Found @SpringBootConfiguration com.example.countries.CountriesApplication for test class com.example.countries.CountriesApplicationTests
11:08:01.539 [main] INFO org.springframework.boot.devtools.restart.RestartApplicationListener -- Restart disabled due to context in which it is running

  .   ____          _            __ _ _
 /\\ / ___'_ __ _ _(_)_ __  __ _ \ \ \ \
( ( )\___ | '_ | '_| | '_ \/ _` | \ \ \ \
 \\/  ___)| |_)| | | | | || (_| |  ) ) ) )
  '  |____| .__|_| |_|_| |_\__, | / / / /
 =========|_|==============|___/=/_/_/_/

 :: Spring Boot ::                (v3.5.6)

2025-10-03T11:08:01.836+02:00  INFO 8579 --- [countries] [           main] c.e.countries.CountriesApplicationTests  : Starting CountriesApplicationTests using Java 21.0.8 with PID 8579 (started by albert in /Users/albert/Desktop/Tech1_countries)
2025-10-03T11:08:01.839+02:00  INFO 8579 --- [countries] [           main] c.e.countries.CountriesApplicationTests  : No active profile set, falling back to 1 default profile: "default"
2025-10-03T11:08:02.801+02:00  WARN 8579 --- [countries] [           main] ion$DefaultTemplateResolverConfiguration : Cannot find template location: classpath:/templates/ (please add some templates, check your Thymeleaf configuration, or set spring.thymeleaf.check-template-location=false)
2025-10-03T11:08:02.895+02:00  INFO 8579 --- [countries] [           main] c.e.countries.CountriesApplicationTests  : Started CountriesApplicationTests in 1.366 seconds (process running for 2.277)
]]></system-out>
    <system-err><![CDATA[Mockito is currently self-attaching to enable the inline-mock-maker. This will no longer work in future releases of the JDK. Please add Mockito as an agent to your build as described in Mockito's documentation: https://javadoc.io/doc/org.mockito/mockito-core/latest/org.mockito/org/mockito/Mockito.html#0.3
WARNING: A Java agent has been loaded dynamically (/Users/albert/.m2/repository/net/bytebuddy/byte-buddy-agent/1.17.7/byte-buddy-agent-1.17.7.jar)
WARNING: If a serviceability tool is in use, please run with -XX:+EnableDynamicAgentLoading to hide this warning
WARNING: If a serviceability tool is not in use, please run with -Djdk.instrument.traceUsage for more information
WARNING: Dynamic loading of agents will be disallowed by default in a future release
]]></system-err>
  </testcase>
</testsuite>